0 info it worked if it ends with ok
1 verbose cli [ '/Users/psteeleidem/.nvm/v0.10.35/bin/node',
1 verbose cli   '/Users/psteeleidem/.nvm/v0.10.35/bin/npm',
1 verbose cli   'run',
1 verbose cli   'build' ]
2 info using npm@1.4.28
3 info using node@v0.10.35
4 verbose run-script [ 'prebuild', 'build', 'postbuild' ]
5 info prebuild markojs.com@1.0.0
6 info build markojs.com@1.0.0
7 verbose unsafe-perm in lifecycle true
8 info markojs.com@1.0.0 Failed to exec build script
9 error markojs.com@1.0.0 build: `./build.sh`
9 error Exit status 64
10 error Failed at the markojs.com@1.0.0 build script.
10 error This is most likely a problem with the markojs.com package,
10 error not with npm itself.
10 error Tell the author that this fails on your system:
10 error     ./build.sh
10 error You can get their info via:
10 error     npm owner ls markojs.com
10 error There is likely additional logging output above.
11 error System Darwin 14.4.0
12 error command "/Users/psteeleidem/.nvm/v0.10.35/bin/node" "/Users/psteeleidem/.nvm/v0.10.35/bin/npm" "run" "build"
13 error cwd /Users/psteeleidem/development/github/marko-js/markojs.com
14 error node -v v0.10.35
15 error npm -v 1.4.28
16 error code ELIFECYCLE
17 verbose exit [ 1, true ]
